<?xml version="1.0" encoding="UTF-8"?>
<!-- Generated by org.testng.reporters.JUnitXMLReporter -->
<testsuite ignored="0" hostname="DESKTOP-LL3EITN" failures="0" tests="6" name="Surefire test" time="9.258" errors="0" timestamp="2025-09-29T23:52:34 BRT">
  <testcase classname="com.restfulbooker.RestfulBookerTests" name="testDeleteBooking" time="1.454"/>
  <testcase classname="com.restfulbooker.RestfulBookerTests" name="testGetBooking" time="1.491"/>
  <testcase classname="com.restfulbooker.RestfulBookerTests" name="testGetBookingIds" time="0.741"/>
  <testcase classname="com.restfulbooker.RestfulBookerTests" name="testPartialUpdateBooking" time="1.476"/>
  <testcase classname="com.restfulbooker.RestfulBookerTests" name="testPing" time="0.714"/>
  <testcase classname="com.restfulbooker.RestfulBookerTests" name="testUpdateBooking" time="1.456"/>
</testsuite> <!-- Surefire test -->
