<?xml version="1.0" encoding="UTF-8"?>
<testsuite xmlns:xsi="http://www.w3.org/2001/XMLSchema-instance" xsi:noNamespaceSchemaLocation="https://maven.apache.org/surefire/maven-surefire-plugin/xsd/surefire-test-report-3.0.xsd" version="3.0" name="com.restfulbooker.RestfulBookerTests" time="9.495" tests="6" errors="0" skipped="0" failures="0">
  <properties>
[...]
</properties>
  <testcase name="testDeleteBooking" classname="com.restfulbooker.RestfulBookerTests" time="1.453">
    <system-out><![CDATA[Token gerado: 1673712cc41e538
]]></system-out>
    <system-err><![CDATA[SLF4J: Failed to load class "org.slf4j.impl.StaticLoggerBinder".
SLF4J: Defaulting to no-operation (NOP) logger implementation
SLF4J: See http://www.slf4j.org/codes.html#StaticLoggerBinder for further details.
]]></system-err>
  </testcase>
  <testcase name="testGetBooking" classname="com.restfulbooker.RestfulBookerTests" time="1.491"/>
  <testcase name="testGetBookingIds" classname="com.restfulbooker.RestfulBookerTests" time="0.742"/>
  <testcase name="testPartialUpdateBooking" classname="com.restfulbooker.RestfulBookerTests" time="1.477"/>
  <testcase name="testPing" classname="com.restfulbooker.RestfulBookerTests" time="0.714"/>
  <testcase name="testUpdateBooking" classname="com.restfulbooker.RestfulBookerTests" time="1.457"/>
</testsuite>