<?xml version="1.0" encoding="UTF-8"?>
<testng-results ignored="0" total="6" passed="6" failed="0" skipped="0">
  <reporter-output>
  </reporter-output>
  <suite started-at="2025-09-29T23:52:25 BRT" name="Surefire suite" finished-at="2025-09-29T23:52:34 BRT" duration-ms="9258">
    <groups>
    </groups>
    <test started-at="2025-09-29T23:52:25 BRT" name="Surefire test" finished-at="2025-09-29T23:52:34 BRT" duration-ms="9258">
      <class name="com.restfulbooker.RestfulBookerTests">
        <test-method is-config="true" signature="setup()[pri:0, instance:com.restfulbooker.RestfulBookerTests@4b44655e]" started-at="2025-09-29T23:52:25 BRT" name="setup" finished-at="2025-09-29T23:52:27 BRT" duration-ms="1899" status="PASS">
          <reporter-output>
          </reporter-output>
        </test-method> <!-- setup -->
        <test-method signature="testDeleteBooking()[pri:0, instance:com.restfulbooker.RestfulBookerTests@4b44655e]" started-at="2025-09-29T23:52:27 BRT" name="testDeleteBooking" finished-at="2025-09-29T23:52:29 BRT" duration-ms="1454" status="PASS">
          <reporter-output>
          </reporter-output>
        </test-method> <!-- testDeleteBooking -->
        <test-method signature="testGetBooking()[pri:0, instance:com.restfulbooker.RestfulBookerTests@4b44655e]" started-at="2025-09-29T23:52:29 BRT" name="testGetBooking" finished-at="2025-09-29T23:52:30 BRT" duration-ms="1491" status="PASS">
          <reporter-output>
          </reporter-output>
        </test-method> <!-- testGetBooking -->
        <test-method signature="testGetBookingIds()[pri:0, instance:com.restfulbooker.RestfulBookerTests@4b44655e]" started-at="2025-09-29T23:52:30 BRT" name="testGetBookingIds" finished-at="2025-09-29T23:52:31 BRT" duration-ms="741" status="PASS">
          <reporter-output>
          </reporter-output>
        </test-method> <!-- testGetBookingIds -->
        <test-method signature="testPartialUpdateBooking()[pri:0, instance:com.restfulbooker.RestfulBookerTests@4b44655e]" started-at="2025-09-29T23:52:31 BRT" name="testPartialUpdateBooking" finished-at="2025-09-29T23:52:32 BRT" duration-ms="1476" status="PASS">
          <reporter-output>
          </reporter-output>
        </test-method> <!-- testPartialUpdateBooking -->
        <test-method signature="testPing()[pri:0, instance:com.restfulbooker.RestfulBookerTests@4b44655e]" started-at="2025-09-29T23:52:32 BRT" name="testPing" finished-at="2025-09-29T23:52:33 BRT" duration-ms="714" status="PASS">
          <reporter-output>
          </reporter-output>
        </test-method> <!-- testPing -->
        <test-method signature="testUpdateBooking()[pri:0, instance:com.restfulbooker.RestfulBookerTests@4b44655e]" started-at="2025-09-29T23:52:33 BRT" name="testUpdateBooking" finished-at="2025-09-29T23:52:34 BRT" duration-ms="1456" status="PASS">
          <reporter-output>
          </reporter-output>
        </test-method> <!-- testUpdateBooking -->
      </class> <!-- com.restfulbooker.RestfulBookerTests -->
    </test> <!-- Surefire test -->
  </suite> <!-- Surefire suite -->
</testng-results>
